c:\users\lutek\desktop\#programy\cp\c\project\project\project\debug\vc141.pdb
c:\users\lutek\desktop\#programy\cp\c\project\project\project\debug\vc141.idb
c:\users\lutek\desktop\#programy\cp\c\project\project\project\debug\structure.obj
c:\users\lutek\desktop\#programy\cp\c\project\project\project\debug\main.obj
c:\users\lutek\desktop\#programy\cp\c\project\project\project\debug\array.obj
c:\users\lutek\desktop\#programy\cp\c\project\project\project\debug\blockoper.obj
c:\users\lutek\desktop\#programy\cp\c\project\project\project\debug\gui.obj
c:\users\lutek\desktop\#programy\cp\c\project\project\project\debug\figureoper.obj
c:\users\lutek\desktop\#programy\cp\c\project\project\project\debug\random.obj
c:\users\lutek\desktop\#programy\cp\c\project\project\project\debug\setfigure.obj
c:\users\lutek\desktop\#programy\cp\c\project\project\project\debug\menu.obj
c:\users\lutek\desktop\#programy\cp\c\project\project\debug\project.exe
c:\users\lutek\desktop\#programy\cp\c\project\project\debug\project.ilk
c:\users\lutek\desktop\#programy\cp\c\project\project\debug\project.pdb
c:\users\lutek\desktop\#programy\cp\c\project\project\project\debug\array.obj.enc
c:\users\lutek\desktop\#programy\cp\c\project\project\project\debug\blockoper.obj.enc
c:\users\lutek\desktop\#programy\cp\c\project\project\project\debug\main.obj.enc
c:\users\lutek\desktop\#programy\cp\c\project\project\project\debug\project.tlog\cl.command.1.tlog
c:\users\lutek\desktop\#programy\cp\c\project\project\project\debug\project.tlog\cl.read.1.tlog
c:\users\lutek\desktop\#programy\cp\c\project\project\project\debug\project.tlog\cl.write.1.tlog
c:\users\lutek\desktop\#programy\cp\c\project\project\project\debug\project.tlog\link.command.1.tlog
c:\users\lutek\desktop\#programy\cp\c\project\project\project\debug\project.tlog\link.read.1.tlog
c:\users\lutek\desktop\#programy\cp\c\project\project\project\debug\project.tlog\link.write.1.tlog
